<?xml version="1.0" encoding="UTF-8"?>
<!-- Generated by org.testng.reporters.JUnitXMLReporter -->
<testsuite hostname="wvh154" ignored="0" name="RetryMultipleFailedTestCases" tests="13" failures="2" timestamp="26 Mar 2020 04:10:34 GMT" time="193.553" errors="0">
  <testcase name="test1" time="0.084" classname="com.facebook.testcases.TransformerCheck">
    <skipped/>
  </testcase> <!-- test1 -->
  <testcase name="test1" time="0.005" classname="com.facebook.testcases.TransformerCheck">
    <skipped/>
  </testcase> <!-- test1 -->
  <testcase name="test1" time="0.008" classname="com.facebook.testcases.TransformerCheck">
    <skipped/>
  </testcase> <!-- test1 -->
  <testcase name="test1" time="0.003" classname="com.facebook.testcases.TransformerCheck">
    <failure type="java.lang.AssertionError" message="expected [true] but found [false]">
      <![CDATA[java.lang.AssertionError: expected [true] but found [false]
	at com.facebook.testcases.TransformerCheck.test1(TransformerCheck.java:11)
... Removed 31 stack frames]]>
    </failure>
  </testcase> <!-- test1 -->
  <testcase name="test2" time="0.003" classname="com.facebook.testcases.TransformerCheck">
    <skipped/>
  </testcase> <!-- test2 -->
  <testcase name="test2" time="0.012" classname="com.facebook.testcases.TransformerCheck">
    <skipped/>
  </testcase> <!-- test2 -->
  <testcase name="test2" time="0.002" classname="com.facebook.testcases.TransformerCheck">
    <skipped/>
  </testcase> <!-- test2 -->
  <testcase name="test2" time="0.003" classname="com.facebook.testcases.TransformerCheck">
    <failure type="java.lang.AssertionError" message="expected [true] but found [false]">
      <![CDATA[java.lang.AssertionError: expected [true] but found [false]
	at com.facebook.testcases.TransformerCheck.test2(TransformerCheck.java:17)
... Removed 31 stack frames]]>
    </failure>
  </testcase> <!-- test2 -->
  <testcase name="verifyPageTitleTest" time="0.029" classname="com.facebook.testcases.FLoginPageTest"/>
  <testcase name="verifyCreateAnAccountTest" time="3.914" classname="com.facebook.testcases.FRegistrationPageTest"/>
  <testcase name="verifyCreateAnAccountTest" time="1.805" classname="com.facebook.testcases.FRegistrationPageTest"/>
  <testcase name="verifyCreateAnAccountTest" time="1.874" classname="com.facebook.testcases.FRegistrationPageTest"/>
  <testcase name="verifyValidUserTest" time="2.604" classname="com.facebook.testcases.FLoginPageTest"/>
</testsuite> <!-- RetryMultipleFailedTestCases -->
